<?xml version="1.0" encoding="UTF-8"?>
<testng-results skipped="0" failed="0" ignored="0" total="1" passed="1">
  <reporter-output>
  </reporter-output>
  <suite name="Default suite" duration-ms="20526" started-at="2019-07-23T06:57:19Z" finished-at="2019-07-23T06:57:39Z">
    <groups>
    </groups>
    <test name="Default test" duration-ms="20526" started-at="2019-07-23T06:57:19Z" finished-at="2019-07-23T06:57:39Z">
      <class name="PageClass.pomtestng">
        <test-method status="PASS" signature="f()[pri:0, instance:PageClass.pomtestng@29774679]" name="f" duration-ms="20427" started-at="2019-07-23T06:57:19Z" finished-at="2019-07-23T06:57:39Z">
          <reporter-output>
          </reporter-output>
        </test-method> <!-- f -->
      </class> <!-- PageClass.pomtestng -->
    </test> <!-- Default test -->
  </suite> <!-- Default suite -->
</testng-results>
